<?xml version="1.0" encoding="UTF-8"?>
<testng-results skipped="0" failed="0" total="1" passed="1">
  <reporter-output>
  </reporter-output>
  <suite name="Default suite" duration-ms="15101" started-at="2022-04-25T02:38:26Z" finished-at="2022-04-25T02:38:41Z">
    <groups>
    </groups>
    <test name="Default test" duration-ms="15101" started-at="2022-04-25T02:38:26Z" finished-at="2022-04-25T02:38:41Z">
      <class name="org.pom.case1.LoginwithoutFindBy">
        <test-method status="PASS" signature="login()[pri:0, instance:org.pom.case1.LoginwithoutFindBy@5474c6c]" name="login" duration-ms="15044" started-at="2022-04-25T08:08:26Z" finished-at="2022-04-25T08:08:41Z">
          <reporter-output>
          </reporter-output>
        </test-method> <!-- login -->
      </class> <!-- org.pom.case1.LoginwithoutFindBy -->
    </test> <!-- Default test -->
  </suite> <!-- Default suite -->
</testng-results>
